Ubuntu 22.04.2 LTS
###############################################################################
#                                                                             #
# This system is the property of Juniper Networks and is intended for         #
# authorized Juniper business use only.  In using this system, all users      #
# agree to and shall comply with the Acceptable Use Policy available on the   #
# corporate intranet.  To protect its information resources, business and     #
# personnel, Juniper monitors its systems, networks, and devices for purposes #
# of routine maintenance, performance and functionality, and to detect        #
# network-based security threats and violations of company policy and law.    #
# Any and all uses of this system and any information, including personal     #
# information, placed on or sent over this system may be monitored, recorded, #
# copied, audited, obtained, or disclosed to authorized personnel and third   #
# parties, and provided to government authorities where required,             #
# subject to applicable law.                                                  #
#                                                                             #
###############################################################################
*****Access to this computer system is limited to authorised users only.******
*****Access to this computer system is limited to authorised users only.******
*****Access to this computer system is limited to authorised users only.******
*****Access to this computer system is limited to authorised users only.******
Ubuntu 22.04.2 LTS
###############################################################################
#                                                                             #
# This system is the property of Juniper Networks and is intended for         #
# authorized Juniper business use only.  In using this system, all users      #
# agree to and shall comply with the Acceptable Use Policy available on the   #
# corporate intranet.  To protect its information resources, business and     #
# personnel, Juniper monitors its systems, networks, and devices for purposes #
# of routine maintenance, performance and functionality, and to detect        #
# network-based security threats and violations of company policy and law.    #
# Any and all uses of this system and any information, including personal     #
# information, placed on or sent over this system may be monitored, recorded, #
# copied, audited, obtained, or disclosed to authorized personnel and third   #
# parties, and provided to government authorities where required,             #
# subject to applicable law.                                                  #
#                                                                             #
###############################################################################
*****Access to this computer system is limited to authorised users only.******
*****Access to this computer system is limited to authorised users only.******
*****Access to this computer system is limited to authorised users only.******
*****Access to this computer system is limited to authorised users only.******
Ubuntu 22.04.2 LTS
###############################################################################
#                                                                             #
# This system is the property of Juniper Networks and is intended for         #
# authorized Juniper business use only.  In using this system, all users      #
# agree to and shall comply with the Acceptable Use Policy available on the   #
# corporate intranet.  To protect its information resources, business and     #
# personnel, Juniper monitors its systems, networks, and devices for purposes #
# of routine maintenance, performance and functionality, and to detect        #
# network-based security threats and violations of company policy and law.    #
# Any and all uses of this system and any information, including personal     #
# information, placed on or sent over this system may be monitored, recorded, #
# copied, audited, obtained, or disclosed to authorized personnel and third   #
# parties, and provided to government authorities where required,             #
# subject to applicable law.                                                  #
#                                                                             #
###############################################################################
*****Access to this computer system is limited to authorised users only.******
*****Access to this computer system is limited to authorised users only.******
*****Access to this computer system is limited to authorised users only.******
*****Access to this computer system is limited to authorised users only.******
Ubuntu 22.04.2 LTS
###############################################################################
#                                                                             #
# This system is the property of Juniper Networks and is intended for         #
# authorized Juniper business use only.  In using this system, all users      #
# agree to and shall comply with the Acceptable Use Policy available on the   #
# corporate intranet.  To protect its information resources, business and     #
# personnel, Juniper monitors its systems, networks, and devices for purposes #
# of routine maintenance, performance and functionality, and to detect        #
# network-based security threats and violations of company policy and law.    #
# Any and all uses of this system and any information, including personal     #
# information, placed on or sent over this system may be monitored, recorded, #
# copied, audited, obtained, or disclosed to authorized personnel and third   #
# parties, and provided to government authorities where required,             #
# subject to applicable law.                                                  #
#                                                                             #
###############################################################################
*****Access to this computer system is limited to authorised users only.******
*****Access to this computer system is limited to authorised users only.******
*****Access to this computer system is limited to authorised users only.******
*****Access to this computer system is limited to authorised users only.******
Ubuntu 22.04.2 LTS
###############################################################################
#                                                                             #
# This system is the property of Juniper Networks and is intended for         #
# authorized Juniper business use only.  In using this system, all users      #
# agree to and shall comply with the Acceptable Use Policy available on the   #
# corporate intranet.  To protect its information resources, business and     #
# personnel, Juniper monitors its systems, networks, and devices for purposes #
# of routine maintenance, performance and functionality, and to detect        #
# network-based security threats and violations of company policy and law.    #
# Any and all uses of this system and any information, including personal     #
# information, placed on or sent over this system may be monitored, recorded, #
# copied, audited, obtained, or disclosed to authorized personnel and third   #
# parties, and provided to government authorities where required,             #
# subject to applicable law.                                                  #
#                                                                             #
###############################################################################
*****Access to this computer system is limited to authorised users only.******
bind [127.0.0.1]:3068: Address already in use
channel_setup_fwd_listener_tcpip: cannot listen to port: 3068
Could not request local forwarding.
*****Access to this computer system is limited to authorised users only.******
bind [127.0.0.1]:3069: Address already in use
channel_setup_fwd_listener_tcpip: cannot listen to port: 3069
Could not request local forwarding.
*****Access to this computer system is limited to authorised users only.******
bind [127.0.0.1]:3121: Address already in use
channel_setup_fwd_listener_tcpip: cannot listen to port: 3121
Could not request local forwarding.
*****Access to this computer system is limited to authorised users only.******
bind [127.0.0.1]:3122: Address already in use
channel_setup_fwd_listener_tcpip: cannot listen to port: 3122
Could not request local forwarding.
Ubuntu 22.04.2 LTS
###############################################################################
#                                                                             #
# This system is the property of Juniper Networks and is intended for         #
# authorized Juniper business use only.  In using this system, all users      #
# agree to and shall comply with the Acceptable Use Policy available on the   #
# corporate intranet.  To protect its information resources, business and     #
# personnel, Juniper monitors its systems, networks, and devices for purposes #
# of routine maintenance, performance and functionality, and to detect        #
# network-based security threats and violations of company policy and law.    #
# Any and all uses of this system and any information, including personal     #
# information, placed on or sent over this system may be monitored, recorded, #
# copied, audited, obtained, or disclosed to authorized personnel and third   #
# parties, and provided to government authorities where required,             #
# subject to applicable law.                                                  #
#                                                                             #
###############################################################################
*****Access to this computer system is limited to authorised users only.******
Permission denied, please try again.
Ubuntu 22.04.2 LTS
###############################################################################
#                                                                             #
# This system is the property of Juniper Networks and is intended for         #
# authorized Juniper business use only.  In using this system, all users      #
# agree to and shall comply with the Acceptable Use Policy available on the   #
# corporate intranet.  To protect its information resources, business and     #
# personnel, Juniper monitors its systems, networks, and devices for purposes #
# of routine maintenance, performance and functionality, and to detect        #
# network-based security threats and violations of company policy and law.    #
# Any and all uses of this system and any information, including personal     #
# information, placed on or sent over this system may be monitored, recorded, #
# copied, audited, obtained, or disclosed to authorized personnel and third   #
# parties, and provided to government authorities where required,             #
# subject to applicable law.                                                  #
#                                                                             #
###############################################################################
Permission denied, please try again.
*****Access to this computer system is limited to authorised users only.******
*****Access to this computer system is limited to authorised users only.******
*****Access to this computer system is limited to authorised users only.******
*****Access to this computer system is limited to authorised users only.******
Ubuntu 22.04.2 LTS
###############################################################################
#                                                                             #
# This system is the property of Juniper Networks and is intended for         #
# authorized Juniper business use only.  In using this system, all users      #
# agree to and shall comply with the Acceptable Use Policy available on the   #
# corporate intranet.  To protect its information resources, business and     #
# personnel, Juniper monitors its systems, networks, and devices for purposes #
# of routine maintenance, performance and functionality, and to detect        #
# network-based security threats and violations of company policy and law.    #
# Any and all uses of this system and any information, including personal     #
# information, placed on or sent over this system may be monitored, recorded, #
# copied, audited, obtained, or disclosed to authorized personnel and third   #
# parties, and provided to government authorities where required,             #
# subject to applicable law.                                                  #
#                                                                             #
###############################################################################
Permission denied, please try again.
*****Access to this computer system is limited to authorised users only.******
*****Access to this computer system is limited to authorised users only.******
*****Access to this computer system is limited to authorised users only.******
*****Access to this computer system is limited to authorised users only.******
*****Access to this computer system is limited to authorised users only.******
*****Access to this computer system is limited to authorised users only.******
*****Access to this computer system is limited to authorised users only.******
*****Access to this computer system is limited to authorised users only.******
*****Access to this computer system is limited to authorised users only.******
